  ImageLoader.cpp
  Main.cpp
c:\users\erik\source\repos\fluiddynamicsv1\libresources\include\shader.h(61): warning C4101: 'e': unreferenced local variable
c:\program files (x86)\windows kits\10\include\10.0.17763.0\shared\minwindef.h(130): warning C4005: 'APIENTRY': macro redefinition
  c:\users\erik\source\repos\fluiddynamicsv1\libresources\include\glad\glad.h(32): note: see previous definition of 'APIENTRY'
c:\users\erik\source\repos\fluiddynamicsv1\fluiddynamicsv1\camera.h(79): warning C4305: '=': truncation from 'double' to 'float'
c:\users\erik\source\repos\fluiddynamicsv1\fluiddynamicsv1\camera.h(80): warning C4305: '=': truncation from 'double' to 'float'
c:\users\erik\source\repos\fluiddynamicsv1\fluiddynamicsv1\camera.h(100): warning C4305: '=': truncation from 'double' to 'float'
c:\users\erik\source\repos\fluiddynamicsv1\fluiddynamicsv1\camera.h(171): warning C4244: '=': conversion from 'double' to 'float', possible loss of data
c:\users\erik\source\repos\fluiddynamicsv1\fluiddynamicsv1\camera.h(172): warning C4244: '=': conversion from 'double' to 'float', possible loss of data
c:\users\erik\source\repos\fluiddynamicsv1\fluiddynamicsv1\camera.h(176): warning C4244: 'initializing': conversion from 'double' to 'float', possible loss of data
c:\users\erik\source\repos\fluiddynamicsv1\fluiddynamicsv1\camera.h(177): warning C4244: 'initializing': conversion from 'double' to 'float', possible loss of data
c:\users\erik\source\repos\fluiddynamicsv1\fluiddynamicsv1\camera.h(178): warning C4244: '=': conversion from 'double' to 'float', possible loss of data
c:\users\erik\source\repos\fluiddynamicsv1\fluiddynamicsv1\camera.h(179): warning C4244: '=': conversion from 'double' to 'float', possible loss of data
c:\users\erik\source\repos\fluiddynamicsv1\fluiddynamicsv1\camera.h(195): warning C4244: '=': conversion from 'double' to 'float', possible loss of data
c:\users\erik\source\repos\fluiddynamicsv1\fluiddynamicsv1\camera.h(196): warning C4244: '=': conversion from 'double' to 'float', possible loss of data
c:\users\erik\source\repos\fluiddynamicsv1\fluiddynamicsv1\camera.h(198): warning C4244: '*=': conversion from 'double' to 'float', possible loss of data
c:\users\erik\source\repos\fluiddynamicsv1\fluiddynamicsv1\camera.h(199): warning C4244: '*=': conversion from 'double' to 'float', possible loss of data
c:\users\erik\source\repos\fluiddynamicsv1\fluiddynamicsv1\camera.h(209): warning C4244: 'initializing': conversion from 'double' to 'float', possible loss of data
c:\users\erik\source\repos\fluiddynamicsv1\fluiddynamicsv1\camera.h(210): warning C4244: '=': conversion from 'double' to 'float', possible loss of data
c:\users\erik\source\repos\fluiddynamicsv1\fluiddynamicsv1\mesh.h(121): warning C4244: 'argument': conversion from 'int' to 'float', possible loss of data
c:\users\erik\source\repos\fluiddynamicsv1\fluiddynamicsv1\mesh.h(161): warning C4267: 'argument': conversion from 'size_t' to 'GLsizei', possible loss of data
c:\users\erik\source\repos\fluiddynamicsv1\fluiddynamicsv1\graphicsengine.h(324): warning C4267: 'initializing': conversion from 'size_t' to 'int', possible loss of data
c:\users\erik\source\repos\fluiddynamicsv1\fluiddynamicsv1\fluidsimulator.h(28): warning C4305: '=': truncation from 'double' to 'float'
c:\users\erik\source\repos\fluiddynamicsv1\fluiddynamicsv1\fluidsimulator.h(37): warning C4305: '=': truncation from 'double' to 'float'
c:\users\erik\source\repos\fluiddynamicsv1\fluiddynamicsv1\fluidsimulator.h(44): warning C4018: '<': signed/unsigned mismatch
c:\users\erik\source\repos\fluiddynamicsv1\fluiddynamicsv1\fluidsimulator.h(45): warning C4018: '<': signed/unsigned mismatch
c:\users\erik\source\repos\fluiddynamicsv1\fluiddynamicsv1\fluidsimulator.h(57): warning C4018: '<': signed/unsigned mismatch
c:\users\erik\source\repos\fluiddynamicsv1\fluiddynamicsv1\fluidsimulator.h(69): warning C4018: '<': signed/unsigned mismatch
c:\users\erik\source\repos\fluiddynamicsv1\fluiddynamicsv1\fluidsimulator.h(157): warning C4018: '<': signed/unsigned mismatch
c:\users\erik\source\repos\fluiddynamicsv1\fluiddynamicsv1\fluidsimulator.h(158): warning C4018: '<': signed/unsigned mismatch
c:\users\erik\source\repos\fluiddynamicsv1\fluiddynamicsv1\fluidsimulator.h(170): warning C4018: '<': signed/unsigned mismatch
c:\users\erik\source\repos\fluiddynamicsv1\fluiddynamicsv1\fluidsimulator.h(172): warning C4018: '<': signed/unsigned mismatch
c:\users\erik\source\repos\fluiddynamicsv1\fluiddynamicsv1\fluidsimulator.h(191): warning C4018: '<': signed/unsigned mismatch
c:\users\erik\source\repos\fluiddynamicsv1\fluiddynamicsv1\fluidsimulator.h(193): warning C4018: '<': signed/unsigned mismatch
c:\users\erik\source\repos\fluiddynamicsv1\fluiddynamicsv1\main.cpp(54): warning C4305: 'initializing': truncation from 'double' to 'float'
c:\users\erik\source\repos\fluiddynamicsv1\fluiddynamicsv1\main.cpp(61): warning C4244: 'initializing': conversion from 'float' to 'unsigned int', possible loss of data
c:\users\erik\source\repos\fluiddynamicsv1\fluiddynamicsv1\main.cpp(62): warning C4244: 'initializing': conversion from 'float' to 'unsigned int', possible loss of data
c:\users\erik\source\repos\fluiddynamicsv1\fluiddynamicsv1\main.cpp(103): warning C4305: 'initializing': truncation from 'double' to 'float'
c:\users\erik\source\repos\fluiddynamicsv1\fluiddynamicsv1\main.cpp(106): warning C4244: '=': conversion from 'double' to 'T', possible loss of data
          with
          [
              T=float
          ]
c:\users\erik\source\repos\fluiddynamicsv1\fluiddynamicsv1\main.cpp(107): warning C4244: '=': conversion from 'double' to 'T', possible loss of data
          with
          [
              T=float
          ]
c:\users\erik\source\repos\fluiddynamicsv1\fluiddynamicsv1\main.cpp(108): warning C4244: '=': conversion from 'double' to 'T', possible loss of data
          with
          [
              T=float
          ]
c:\users\erik\source\repos\fluiddynamicsv1\fluiddynamicsv1\main.cpp(119): warning C4244: '=': conversion from 'float' to 'unsigned int', possible loss of data
c:\users\erik\source\repos\fluiddynamicsv1\fluiddynamicsv1\main.cpp(120): warning C4244: '=': conversion from 'float' to 'unsigned int', possible loss of data
c:\users\erik\source\repos\fluiddynamicsv1\fluiddynamicsv1\main.cpp(124): warning C4244: '=': conversion from 'float' to 'unsigned int', possible loss of data
c:\users\erik\source\repos\fluiddynamicsv1\fluiddynamicsv1\main.cpp(128): warning C4244: '=': conversion from 'float' to 'unsigned int', possible loss of data
c:\users\erik\source\repos\fluiddynamicsv1\fluiddynamicsv1\main.cpp(190): warning C4244: 'initializing': conversion from '_Rep' to 'int', possible loss of data
          with
          [
              _Rep=__int64
          ]
c:\users\erik\source\repos\fluiddynamicsv1\fluiddynamicsv1\main.cpp(195): warning C4244: 'initializing': conversion from 'double' to 'int', possible loss of data
  glad.c
c:\program files (x86)\windows kits\10\include\10.0.17763.0\shared\minwindef.h(130): warning C4005: 'APIENTRY': macro redefinition
  c:\users\erik\source\repos\fluiddynamicsv1\libresources\include\glad\glad.h(32): note: see previous definition of 'APIENTRY'
LINK : warning LNK4098: defaultlib 'LIBCMTD' conflicts with use of other libs; use /NODEFAULTLIB:library
  Generating code
  All 1936 functions were compiled because no usable IPDB/IOBJ from previous compilation was found.
  Finished generating code
  FluidDynamicsV1.vcxproj -> C:\Users\Erik\source\repos\FluidDynamicsV1\x64\Release\FluidDynamicsV1.exe
