  glad.c
c:\program files (x86)\windows kits\10\include\10.0.17763.0\shared\minwindef.h(130): warning C4005: 'APIENTRY': macro redefinition
  c:\users\erik\source\repos\fluiddynamicsv1\libresources\include\glad\glad.h(32): note: see previous definition of 'APIENTRY'
  Main.cpp
c:\users\erik\source\repos\fluiddynamicsv1\libresources\include\shader.h(61): warning C4101: 'e': unreferenced local variable
c:\program files (x86)\windows kits\10\include\10.0.17763.0\shared\minwindef.h(130): warning C4005: 'APIENTRY': macro redefinition
  c:\users\erik\source\repos\fluiddynamicsv1\libresources\include\glad\glad.h(32): note: see previous definition of 'APIENTRY'
c:\users\erik\source\repos\fluiddynamicsv1\fluiddynamicsv1\camera.h(79): warning C4305: '=': truncation from 'double' to 'float'
c:\users\erik\source\repos\fluiddynamicsv1\fluiddynamicsv1\camera.h(80): warning C4305: '=': truncation from 'double' to 'float'
c:\users\erik\source\repos\fluiddynamicsv1\fluiddynamicsv1\camera.h(100): warning C4305: '=': truncation from 'double' to 'float'
c:\users\erik\source\repos\fluiddynamicsv1\fluiddynamicsv1\camera.h(171): warning C4244: '=': conversion from 'double' to 'float', possible loss of data
c:\users\erik\source\repos\fluiddynamicsv1\fluiddynamicsv1\camera.h(172): warning C4244: '=': conversion from 'double' to 'float', possible loss of data
c:\users\erik\source\repos\fluiddynamicsv1\fluiddynamicsv1\camera.h(176): warning C4244: 'initializing': conversion from 'double' to 'float', possible loss of data
c:\users\erik\source\repos\fluiddynamicsv1\fluiddynamicsv1\camera.h(177): warning C4244: 'initializing': conversion from 'double' to 'float', possible loss of data
c:\users\erik\source\repos\fluiddynamicsv1\fluiddynamicsv1\camera.h(178): warning C4244: '=': conversion from 'double' to 'float', possible loss of data
c:\users\erik\source\repos\fluiddynamicsv1\fluiddynamicsv1\camera.h(179): warning C4244: '=': conversion from 'double' to 'float', possible loss of data
c:\users\erik\source\repos\fluiddynamicsv1\fluiddynamicsv1\camera.h(195): warning C4244: '=': conversion from 'double' to 'float', possible loss of data
c:\users\erik\source\repos\fluiddynamicsv1\fluiddynamicsv1\camera.h(196): warning C4244: '=': conversion from 'double' to 'float', possible loss of data
c:\users\erik\source\repos\fluiddynamicsv1\fluiddynamicsv1\camera.h(198): warning C4244: '*=': conversion from 'double' to 'float', possible loss of data
c:\users\erik\source\repos\fluiddynamicsv1\fluiddynamicsv1\camera.h(199): warning C4244: '*=': conversion from 'double' to 'float', possible loss of data
c:\users\erik\source\repos\fluiddynamicsv1\fluiddynamicsv1\camera.h(209): warning C4244: 'initializing': conversion from 'double' to 'float', possible loss of data
c:\users\erik\source\repos\fluiddynamicsv1\fluiddynamicsv1\camera.h(210): warning C4244: '=': conversion from 'double' to 'float', possible loss of data
c:\users\erik\source\repos\fluiddynamicsv1\fluiddynamicsv1\mesh.h(97): warning C4018: '<': signed/unsigned mismatch
c:\users\erik\source\repos\fluiddynamicsv1\fluiddynamicsv1\mesh.h(121): warning C4244: 'argument': conversion from 'int' to 'float', possible loss of data
c:\users\erik\source\repos\fluiddynamicsv1\fluiddynamicsv1\mesh.h(135): warning C4018: '<': signed/unsigned mismatch
c:\users\erik\source\repos\fluiddynamicsv1\fluiddynamicsv1\mesh.h(213): warning C4018: '<': signed/unsigned mismatch
c:\users\erik\source\repos\fluiddynamicsv1\fluiddynamicsv1\textmanager.h(164): warning C4018: '<': signed/unsigned mismatch
c:\users\erik\source\repos\fluiddynamicsv1\fluiddynamicsv1\textmanager.h(187): warning C4018: '<': signed/unsigned mismatch
c:\users\erik\source\repos\fluiddynamicsv1\fluiddynamicsv1\textmanager.h(199): warning C4018: '<': signed/unsigned mismatch
c:\users\erik\source\repos\fluiddynamicsv1\fluiddynamicsv1\textmanager.h(207): warning C4018: '<': signed/unsigned mismatch
c:\users\erik\source\repos\fluiddynamicsv1\fluiddynamicsv1\graphicsengine.h(227): warning C4018: '<': signed/unsigned mismatch
c:\users\erik\source\repos\fluiddynamicsv1\fluiddynamicsv1\graphicsengine.h(251): warning C4018: '<': signed/unsigned mismatch
c:\users\erik\source\repos\fluiddynamicsv1\fluiddynamicsv1\main.cpp(47): warning C4305: 'initializing': truncation from 'double' to 'float'
c:\users\erik\source\repos\fluiddynamicsv1\fluiddynamicsv1\main.cpp(52): warning C4244: 'initializing': conversion from 'float' to 'unsigned int', possible loss of data
c:\users\erik\source\repos\fluiddynamicsv1\fluiddynamicsv1\main.cpp(53): warning C4244: 'initializing': conversion from 'float' to 'unsigned int', possible loss of data
c:\users\erik\source\repos\fluiddynamicsv1\fluiddynamicsv1\main.cpp(72): warning C4244: '=': conversion from 'float' to 'unsigned int', possible loss of data
c:\users\erik\source\repos\fluiddynamicsv1\fluiddynamicsv1\main.cpp(73): warning C4244: '=': conversion from 'float' to 'unsigned int', possible loss of data
c:\users\erik\source\repos\fluiddynamicsv1\fluiddynamicsv1\main.cpp(77): warning C4244: '=': conversion from 'float' to 'unsigned int', possible loss of data
c:\users\erik\source\repos\fluiddynamicsv1\fluiddynamicsv1\main.cpp(81): warning C4244: '=': conversion from 'float' to 'unsigned int', possible loss of data
c:\users\erik\source\repos\fluiddynamicsv1\fluiddynamicsv1\main.cpp(128): warning C4244: 'initializing': conversion from '_Rep' to 'int', possible loss of data
          with
          [
              _Rep=__int64
          ]
c:\users\erik\source\repos\fluiddynamicsv1\fluiddynamicsv1\main.cpp(133): warning C4244: 'initializing': conversion from 'double' to 'int', possible loss of data
Main.obj : error LNK2019: unresolved external symbol _glfwInit referenced in function "public: __thiscall GraphicsEngine::GraphicsEngine(char const *,unsigned int const *,unsigned int const *,int,bool)" (??0GraphicsEngine@@QAE@PBDPBI1H_N@Z)
Main.obj : error LNK2019: unresolved external symbol _glfwTerminate referenced in function "public: __thiscall GraphicsEngine::GraphicsEngine(char const *,unsigned int const *,unsigned int const *,int,bool)" (??0GraphicsEngine@@QAE@PBDPBI1H_N@Z)
Main.obj : error LNK2019: unresolved external symbol _glfwWindowHint referenced in function "public: __thiscall GraphicsEngine::GraphicsEngine(char const *,unsigned int const *,unsigned int const *,int,bool)" (??0GraphicsEngine@@QAE@PBDPBI1H_N@Z)
Main.obj : error LNK2019: unresolved external symbol _glfwCreateWindow referenced in function "public: __thiscall GraphicsEngine::GraphicsEngine(char const *,unsigned int const *,unsigned int const *,int,bool)" (??0GraphicsEngine@@QAE@PBDPBI1H_N@Z)
Main.obj : error LNK2019: unresolved external symbol _glfwWindowShouldClose referenced in function "public: int __thiscall GraphicsEngine::renderFrame(void)" (?renderFrame@GraphicsEngine@@QAEHXZ)
Main.obj : error LNK2019: unresolved external symbol _glfwSetWindowShouldClose referenced in function "private: void __thiscall GraphicsEngine::processEscapeInput(void)" (?processEscapeInput@GraphicsEngine@@AAEXXZ)
Main.obj : error LNK2019: unresolved external symbol _glfwSetWindowFocusCallback referenced in function "public: __thiscall GraphicsEngine::GraphicsEngine(char const *,unsigned int const *,unsigned int const *,int,bool)" (??0GraphicsEngine@@QAE@PBDPBI1H_N@Z)
Main.obj : error LNK2019: unresolved external symbol _glfwSetFramebufferSizeCallback referenced in function "public: __thiscall GraphicsEngine::GraphicsEngine(char const *,unsigned int const *,unsigned int const *,int,bool)" (??0GraphicsEngine@@QAE@PBDPBI1H_N@Z)
Main.obj : error LNK2019: unresolved external symbol _glfwPollEvents referenced in function "public: int __thiscall GraphicsEngine::renderFrame(void)" (?renderFrame@GraphicsEngine@@QAEHXZ)
Main.obj : error LNK2019: unresolved external symbol _glfwSetInputMode referenced in function "void __cdecl mouse_button_callback(struct GLFWwindow *,int,int,int)" (?mouse_button_callback@@YAXPAUGLFWwindow@@HHH@Z)
Main.obj : error LNK2019: unresolved external symbol _glfwGetKey referenced in function "private: void __thiscall GraphicsEngine::processEscapeInput(void)" (?processEscapeInput@GraphicsEngine@@AAEXXZ)
Main.obj : error LNK2019: unresolved external symbol _glfwSetMouseButtonCallback referenced in function "public: __thiscall GraphicsEngine::GraphicsEngine(char const *,unsigned int const *,unsigned int const *,int,bool)" (??0GraphicsEngine@@QAE@PBDPBI1H_N@Z)
Main.obj : error LNK2019: unresolved external symbol _glfwSetCursorPosCallback referenced in function "public: __thiscall GraphicsEngine::GraphicsEngine(char const *,unsigned int const *,unsigned int const *,int,bool)" (??0GraphicsEngine@@QAE@PBDPBI1H_N@Z)
Main.obj : error LNK2019: unresolved external symbol _glfwMakeContextCurrent referenced in function "public: __thiscall GraphicsEngine::GraphicsEngine(char const *,unsigned int const *,unsigned int const *,int,bool)" (??0GraphicsEngine@@QAE@PBDPBI1H_N@Z)
Main.obj : error LNK2019: unresolved external symbol _glfwSwapBuffers referenced in function "public: int __thiscall GraphicsEngine::renderFrame(void)" (?renderFrame@GraphicsEngine@@QAEHXZ)
Main.obj : error LNK2019: unresolved external symbol _glfwGetProcAddress referenced in function "public: __thiscall GraphicsEngine::GraphicsEngine(char const *,unsigned int const *,unsigned int const *,int,bool)" (??0GraphicsEngine@@QAE@PBDPBI1H_N@Z)
Main.obj : error LNK2019: unresolved external symbol _stbi_load referenced in function "public: void __thiscall Skybox::loadSkyBox(class std::vector<char const *,class std::allocator<char const *> >)" (?loadSkyBox@Skybox@@QAEXV?$vector@PBDV?$allocator@PBD@std@@@std@@@Z)
Main.obj : error LNK2019: unresolved external symbol _stbi_image_free referenced in function "public: void __thiscall Skybox::loadSkyBox(class std::vector<char const *,class std::allocator<char const *> >)" (?loadSkyBox@Skybox@@QAEXV?$vector@PBDV?$allocator@PBD@std@@@std@@@Z)
Main.obj : error LNK2019: unresolved external symbol _stbi_set_flip_vertically_on_load referenced in function "public: __thiscall GraphicsEngine::GraphicsEngine(char const *,unsigned int const *,unsigned int const *,int,bool)" (??0GraphicsEngine@@QAE@PBDPBI1H_N@Z)
Main.obj : error LNK2019: unresolved external symbol _FT_Init_FreeType referenced in function "public: __thiscall TextManager::TextManager(unsigned int const &,unsigned int const &)" (??0TextManager@@QAE@ABI0@Z)
Main.obj : error LNK2019: unresolved external symbol _FT_Done_FreeType referenced in function "public: __thiscall TextManager::TextManager(unsigned int const &,unsigned int const &)" (??0TextManager@@QAE@ABI0@Z)
Main.obj : error LNK2019: unresolved external symbol _FT_New_Face referenced in function "public: __thiscall TextManager::TextManager(unsigned int const &,unsigned int const &)" (??0TextManager@@QAE@ABI0@Z)
Main.obj : error LNK2019: unresolved external symbol _FT_Done_Face referenced in function "public: __thiscall TextManager::TextManager(unsigned int const &,unsigned int const &)" (??0TextManager@@QAE@ABI0@Z)
Main.obj : error LNK2019: unresolved external symbol _FT_Set_Pixel_Sizes referenced in function "public: __thiscall TextManager::TextManager(unsigned int const &,unsigned int const &)" (??0TextManager@@QAE@ABI0@Z)
Main.obj : error LNK2019: unresolved external symbol _FT_Load_Char referenced in function "public: __thiscall TextManager::TextManager(unsigned int const &,unsigned int const &)" (??0TextManager@@QAE@ABI0@Z)
C:\Users\Erik\source\repos\FluidDynamicsV1\Debug\FluidDynamicsV1.exe : fatal error LNK1120: 25 unresolved externals
